<?xml version="1.0" encoding="UTF-8"?>
<!-- Generated by org.testng.reporters.JUnitXMLReporter -->
<testsuite hostname="DESKTOP-A3JON40" name="Surefire test" tests="3" failures="0" timestamp="23 Sep 2025 12:53:32 GMT" time="32.395" errors="0">
  <testcase name="loginSuccess" time="2.771" classname="testCase.SeleniumTestCase"/>
  <testcase name="negativeUsername" time="12.721" classname="testCase.SeleniumTestCase"/>
  <testcase name="negativePassword" time="5.671" classname="testCase.SeleniumTestCase"/>
</testsuite> <!-- Surefire test -->
